🚀 Starting Zenika Seed Data Process...

🔑 Connecting to DB recursively to insert Root Admin...
  - Admin user already exists in DB.

🔐 Authenticating Admin securely to retrieve JWT...
  - Authenticated successfully. JWT Captured.

📁 Seeding Categories...
  - Category Électronique already exists. Skipping.
  - Created category: Électronique (ID=1)
  - Category Mobilier already exists. Skipping.
  - Created category: Mobilier (ID=2)
  - Category Logiciel already exists. Skipping.
  - Created category: Logiciel (ID=3)
  - Category Matériel already exists. Skipping.
  - Created category: Matériel (ID=4)
  - Category Services already exists. Skipping.
  - Created category: Services (ID=5)
  - Category Formation already exists. Skipping.
  - Created category: Formation (ID=6)
  - Category Cloud already exists. Skipping.
  - Created category: Cloud (ID=7)

🔄 Upgrading Admin Category Permissions dynamically via SQL...
  - Admin payload re-baked successfully.

👤 Seeding 12 Zenika Users with Permissions...
  - User alice.martin@zenika.com already exists. Skipping.
  - Created user: Alice Martin (Allowed Cats: 3)
  - User bob.bernard@zenika.com already exists. Skipping.
  - Created user: Bob Bernard (Allowed Cats: 4)
  - User charlie.thomas@zenika.com already exists. Skipping.
  - Created user: Charlie Thomas (Allowed Cats: 3)
  - User david.petit@zenika.com already exists. Skipping.
  - Created user: David Petit (Allowed Cats: 5)
  - User emma.robert@zenika.com already exists. Skipping.
  - Created user: Emma Robert (Allowed Cats: 4)
  - User frank.richard@zenika.com already exists. Skipping.
  - Created user: Frank Richard (Allowed Cats: 5)
  - User grace.durand@zenika.com already exists. Skipping.
  - Created user: Grace Durand (Allowed Cats: 4)
  - User henry.dubois@zenika.com already exists. Skipping.
  - Created user: Henry Dubois (Allowed Cats: 3)
  - User isabel.moreau@zenika.com already exists. Skipping.
  - Created user: Isabel Moreau (Allowed Cats: 5)
  - User jack.laurent@zenika.com already exists. Skipping.
  - Created user: Jack Laurent (Allowed Cats: 4)
  - User karl.simon@zenika.com already exists. Skipping.
  - Created user: Karl Simon (Allowed Cats: 4)
  - User laura.michel@zenika.com already exists. Skipping.
  - Created user: Laura Michel (Allowed Cats: 4)

📦 Seeding 50 Tagged Items (Respecting Permissions)...
  - Created item 1/50: Chair VQEP (assigned to bbernard79)
  - Created item 2/50: Mouse JLNB (assigned to gdurand72)
  - Created item 3/50: Mouse CFSC (assigned to hdubois55)
  - Created item 4/50: Server RLNK (assigned to gdurand72)
  - Created item 5/50: Keyboard QAOX (assigned to gdurand72)
  - Created item 6/50: License KLHN (assigned to lmichel73)
  - Created item 7/50: Desk WKEW (assigned to lmichel73)
  - Created item 8/50: Monitor YIAI (assigned to bbernard79)
  - Created item 9/50: Monitor SDAA (assigned to imoreau15)
  - Created item 10/50: License USTU (assigned to dpetit13)
  - Created item 11/50: License YNOU (assigned to erobert51)
  - Created item 12/50: Keyboard HUES (assigned to dpetit13)
  - Created item 13/50: Monitor CLQV (assigned to erobert51)
  - Created item 14/50: Keyboard KQYN (assigned to jlaurent42)
  - Created item 15/50: Server BEMP (assigned to imoreau15)
  - Created item 16/50: Mouse UJVT (assigned to frichard15)
  - Created item 17/50: Monitor YJNN (assigned to cthomas38)
  - Created item 18/50: Server PALQ (assigned to jlaurent42)
  - Created item 19/50: Desk RCJU (assigned to dpetit13)
  - Created item 20/50: Laptop XNTP (assigned to erobert51)
  - Created item 21/50: Mouse MXUP (assigned to ksimon50)
  - Created item 22/50: Desk CUWO (assigned to ksimon50)
  - Created item 23/50: Keyboard YIZR (assigned to ksimon50)
  - Created item 24/50: Keyboard QDNT (assigned to lmichel73)
  - Created item 25/50: Workshop KZJI (assigned to cthomas38)
  - Created item 26/50: Consulting CHXJ (assigned to erobert51)
  - Created item 27/50: Monitor JSFO (assigned to ksimon50)
  - Created item 28/50: Workshop RSZR (assigned to ksimon50)
  - Created item 29/50: Mouse XFYR (assigned to cthomas38)
  - Created item 30/50: Desk UMEO (assigned to jlaurent42)
  - Created item 31/50: Monitor QLEN (assigned to imoreau15)
  - Created item 32/50: Workshop ZVIB (assigned to erobert51)
  - Created item 33/50: Keyboard LLPA (assigned to imoreau15)
  - Created item 34/50: Mouse AZPA (assigned to imoreau15)
  - Created item 35/50: Desk XZQQ (assigned to lmichel73)
  - Created item 36/50: Workshop CNVL (assigned to gdurand72)
  - Created item 37/50: License VFHX (assigned to gdurand72)
  - Created item 38/50: Consulting JYKF (assigned to imoreau15)
  - Created item 39/50: Workshop UYRU (assigned to erobert51)
  - Created item 40/50: Monitor BMNE (assigned to cthomas38)
  - Created item 41/50: Workshop VBZR (assigned to amartin51)
  - Created item 42/50: Monitor RCXX (assigned to lmichel73)
  - Created item 43/50: Workshop RMEJ (assigned to gdurand72)
  - Created item 44/50: Monitor DEMH (assigned to cthomas38)
  - Created item 45/50: Monitor VQFB (assigned to ksimon50)
  - Created item 46/50: Monitor CSWN (assigned to imoreau15)
  - Created item 47/50: Workshop SOKR (assigned to dpetit13)
  - Created item 48/50: License ECKY (assigned to jlaurent42)
  - Created item 49/50: Desk IMKQ (assigned to frichard15)
  - Created item 50/50: Keyboard XINU (assigned to jlaurent42)

🛠️ Seeding Competencies...
  - Competency Python already exists. Skipping.
  - Created competency: Python (ID=1)
  - Competency Docker already exists. Skipping.
  - Created competency: Docker (ID=2)
  - Competency Vue.js already exists. Skipping.
  - Created competency: Vue.js (ID=3)
  - Competency SQL already exists. Skipping.
  - Created competency: SQL (ID=4)
  - Competency OpenTelemetry already exists. Skipping.
  - Created competency: OpenTelemetry (ID=5)
  - Competency FastAPI already exists. Skipping.
  - Created competency: FastAPI (ID=6)
  - Competency Agile already exists. Skipping.
  - Created competency: Agile (ID=7)
  - Competency CI/CD already exists. Skipping.
  - Created competency: CI/CD (ID=8)
  - Competency Kubernetes already exists. Skipping.
  - Created competency: Kubernetes (ID=9)
  - Competency Terraform already exists. Skipping.
  - Created competency: Terraform (ID=10)

🎯 Assigning Competencies to Users...
  - Error assigning competency 3 to user 9: Server error '503 Service Unavailable' for url 'http://localhost:8003/competencies/user/9/assign/3'
For more information check: https://developer.mozilla.org/en-US/docs/Web/HTTP/Status/503
  - Error assigning competency 10 to user 9: Server error '503 Service Unavailable' for url 'http://localhost:8003/competencies/user/9/assign/10'
For more information check: https://developer.mozilla.org/en-US/docs/Web/HTTP/Status/503
  - Error assigning competency 7 to user 9: Server error '503 Service Unavailable' for url 'http://localhost:8003/competencies/user/9/assign/7'
For more information check: https://developer.mozilla.org/en-US/docs/Web/HTTP/Status/503
  - Error assigning competency 4 to user 9: Server error '503 Service Unavailable' for url 'http://localhost:8003/competencies/user/9/assign/4'
For more information check: https://developer.mozilla.org/en-US/docs/Web/HTTP/Status/503
  - Assigned 4 competencies to amartin51
  - Error assigning competency 8 to user 10: Server error '503 Service Unavailable' for url 'http://localhost:8003/competencies/user/10/assign/8'
For more information check: https://developer.mozilla.org/en-US/docs/Web/HTTP/Status/503
  - Error assigning competency 3 to user 10: Server error '503 Service Unavailable' for url 'http://localhost:8003/competencies/user/10/assign/3'
For more information check: https://developer.mozilla.org/en-US/docs/Web/HTTP/Status/503
  - Error assigning competency 6 to user 10: Server error '503 Service Unavailable' for url 'http://localhost:8003/competencies/user/10/assign/6'
For more information check: https://developer.mozilla.org/en-US/docs/Web/HTTP/Status/503
  - Error assigning competency 4 to user 10: Server error '503 Service Unavailable' for url 'http://localhost:8003/competencies/user/10/assign/4'
For more information check: https://developer.mozilla.org/en-US/docs/Web/HTTP/Status/503
  - Assigned 4 competencies to bbernard79
  - Error assigning competency 8 to user 11: Server error '503 Service Unavailable' for url 'http://localhost:8003/competencies/user/11/assign/8'
For more information check: https://developer.mozilla.org/en-US/docs/Web/HTTP/Status/503
  - Error assigning competency 7 to user 11: Server error '503 Service Unavailable' for url 'http://localhost:8003/competencies/user/11/assign/7'
For more information check: https://developer.mozilla.org/en-US/docs/Web/HTTP/Status/503
  - Error assigning competency 1 to user 11: Server error '503 Service Unavailable' for url 'http://localhost:8003/competencies/user/11/assign/1'
For more information check: https://developer.mozilla.org/en-US/docs/Web/HTTP/Status/503
  - Assigned 3 competencies to cthomas38
  - Error assigning competency 7 to user 12: Server error '503 Service Unavailable' for url 'http://localhost:8003/competencies/user/12/assign/7'
For more information check: https://developer.mozilla.org/en-US/docs/Web/HTTP/Status/503
  - Error assigning competency 1 to user 12: Server error '503 Service Unavailable' for url 'http://localhost:8003/competencies/user/12/assign/1'
For more information check: https://developer.mozilla.org/en-US/docs/Web/HTTP/Status/503
  - Assigned 2 competencies to dpetit13
  - Error assigning competency 2 to user 13: Server error '503 Service Unavailable' for url 'http://localhost:8003/competencies/user/13/assign/2'
For more information check: https://developer.mozilla.org/en-US/docs/Web/HTTP/Status/503
  - Error assigning competency 6 to user 13: Server error '503 Service Unavailable' for url 'http://localhost:8003/competencies/user/13/assign/6'
For more information check: https://developer.mozilla.org/en-US/docs/Web/HTTP/Status/503
  - Error assigning competency 5 to user 13: Server error '503 Service Unavailable' for url 'http://localhost:8003/competencies/user/13/assign/5'
For more information check: https://developer.mozilla.org/en-US/docs/Web/HTTP/Status/503
  - Error assigning competency 1 to user 13: Server error '503 Service Unavailable' for url 'http://localhost:8003/competencies/user/13/assign/1'
For more information check: https://developer.mozilla.org/en-US/docs/Web/HTTP/Status/503
  - Assigned 4 competencies to erobert51
  - Error assigning competency 7 to user 14: Server error '503 Service Unavailable' for url 'http://localhost:8003/competencies/user/14/assign/7'
For more information check: https://developer.mozilla.org/en-US/docs/Web/HTTP/Status/503
  - Error assigning competency 8 to user 14: Server error '503 Service Unavailable' for url 'http://localhost:8003/competencies/user/14/assign/8'
For more information check: https://developer.mozilla.org/en-US/docs/Web/HTTP/Status/503
  - Error assigning competency 1 to user 14: Server error '503 Service Unavailable' for url 'http://localhost:8003/competencies/user/14/assign/1'
For more information check: https://developer.mozilla.org/en-US/docs/Web/HTTP/Status/503
  - Assigned 3 competencies to frichard15
  - Error assigning competency 7 to user 15: Server error '503 Service Unavailable' for url 'http://localhost:8003/competencies/user/15/assign/7'
For more information check: https://developer.mozilla.org/en-US/docs/Web/HTTP/Status/503
  - Error assigning competency 4 to user 15: Server error '503 Service Unavailable' for url 'http://localhost:8003/competencies/user/15/assign/4'
For more information check: https://developer.mozilla.org/en-US/docs/Web/HTTP/Status/503
  - Assigned 2 competencies to gdurand72
  - Error assigning competency 9 to user 16: Server error '503 Service Unavailable' for url 'http://localhost:8003/competencies/user/16/assign/9'
For more information check: https://developer.mozilla.org/en-US/docs/Web/HTTP/Status/503
  - Error assigning competency 4 to user 16: Server error '503 Service Unavailable' for url 'http://localhost:8003/competencies/user/16/assign/4'
For more information check: https://developer.mozilla.org/en-US/docs/Web/HTTP/Status/503
  - Error assigning competency 6 to user 16: Server error '503 Service Unavailable' for url 'http://localhost:8003/competencies/user/16/assign/6'
For more information check: https://developer.mozilla.org/en-US/docs/Web/HTTP/Status/503
  - Error assigning competency 7 to user 16: Server error '503 Service Unavailable' for url 'http://localhost:8003/competencies/user/16/assign/7'
For more information check: https://developer.mozilla.org/en-US/docs/Web/HTTP/Status/503
  - Assigned 4 competencies to hdubois55
  - Error assigning competency 2 to user 17: Server error '503 Service Unavailable' for url 'http://localhost:8003/competencies/user/17/assign/2'
For more information check: https://developer.mozilla.org/en-US/docs/Web/HTTP/Status/503
  - Error assigning competency 6 to user 17: Server error '503 Service Unavailable' for url 'http://localhost:8003/competencies/user/17/assign/6'
For more information check: https://developer.mozilla.org/en-US/docs/Web/HTTP/Status/503
  - Error assigning competency 9 to user 17: Server error '503 Service Unavailable' for url 'http://localhost:8003/competencies/user/17/assign/9'
For more information check: https://developer.mozilla.org/en-US/docs/Web/HTTP/Status/503
  - Assigned 3 competencies to imoreau15
  - Error assigning competency 7 to user 18: Server error '503 Service Unavailable' for url 'http://localhost:8003/competencies/user/18/assign/7'
For more information check: https://developer.mozilla.org/en-US/docs/Web/HTTP/Status/503
  - Error assigning competency 9 to user 18: Server error '503 Service Unavailable' for url 'http://localhost:8003/competencies/user/18/assign/9'
For more information check: https://developer.mozilla.org/en-US/docs/Web/HTTP/Status/503
  - Error assigning competency 8 to user 18: Server error '503 Service Unavailable' for url 'http://localhost:8003/competencies/user/18/assign/8'
For more information check: https://developer.mozilla.org/en-US/docs/Web/HTTP/Status/503
  - Assigned 3 competencies to jlaurent42
  - Error assigning competency 3 to user 19: Server error '503 Service Unavailable' for url 'http://localhost:8003/competencies/user/19/assign/3'
For more information check: https://developer.mozilla.org/en-US/docs/Web/HTTP/Status/503
  - Error assigning competency 8 to user 19: Server error '503 Service Unavailable' for url 'http://localhost:8003/competencies/user/19/assign/8'
For more information check: https://developer.mozilla.org/en-US/docs/Web/HTTP/Status/503
  - Assigned 2 competencies to ksimon50
  - Error assigning competency 8 to user 20: Server error '503 Service Unavailable' for url 'http://localhost:8003/competencies/user/20/assign/8'
For more information check: https://developer.mozilla.org/en-US/docs/Web/HTTP/Status/503
  - Error assigning competency 3 to user 20: Server error '503 Service Unavailable' for url 'http://localhost:8003/competencies/user/20/assign/3'
For more information check: https://developer.mozilla.org/en-US/docs/Web/HTTP/Status/503
  - Error assigning competency 5 to user 20: Server error '503 Service Unavailable' for url 'http://localhost:8003/competencies/user/20/assign/5'
For more information check: https://developer.mozilla.org/en-US/docs/Web/HTTP/Status/503
  - Assigned 3 competencies to lmichel73

✨ Done! Zenika Seed process complete.
